<?xml version="1.0" encoding="UTF-8"?>
<testsuites name="ShowProductTestSuite" time="17" tests="1" failures="0" errors="0">
   <testsuite name="ShowProductTestSuite" tests="1" failures="0" errors="0" time="17" timestamp="2018-05-10 22:23:59" hostname="Sunjido - 10.80.155.67" id="Test Suites/ShowProductTestSuite">
      <properties>
         <property name="deviceName" value=""/>
         <property name="devicePlatform" value=""/>
         <property name="logFolder" value="C:\\Users\\Sun na Hee\\git\\234project_test\\Reports\\ShowProductTestSuite\\20180510_222358"/>
         <property name="logFiles" value="C:\\Users\\Sun na Hee\\git\\234project_test\\Reports\\ShowProductTestSuite\\20180510_222358\\execution0.log"/>
         <property name="attachments" value=""/>
         <property name="hostName" value="Sunjido - 10.80.155.67"/>
         <property name="os" value="Windows 10 64bit"/>
         <property name="katalonVersion" value="5.4.1.1"/>
         <property name="browser" value="Firefox 60.0"/>
         <property name="hostAddress" value="10.80.155.67"/>
         <property name="sessionId" value="bb9e87df-e8b4-41bf-9620-8ba97843c236"/>
         <property name="seleniumVersion" value="3.7.1"/>
         <property name="proxyInformation" value="ProxyInformation{proxyOption=NO_PROXY, proxyServerType=HTTP, password=, proxyServerAddress=, proxyServerPort=0}"/>
         <property name="platform" value="Windows 10"/>
      </properties>
      <testcase name="Test Cases/ShowProductTest" classname="Test Cases/ShowProductTest" status="PASSED">
         <system-out><![CDATA[2018-05-10 22:24:00 - [TEST_CASE][PASSED] - Test Cases/ShowProductTest: Test Cases/ShowProductTest

2018-05-10 22:24:00 - [TEST_STEP][PASSED] - openBrowser: Browser is opened with url: ''

2018-05-10 22:24:04 - [MESSAGE][PASSED] - Browser is opened with url: ''

2018-05-10 22:24:04 - [TEST_STEP][PASSED] - navigateToUrl: Navigate to 'http://52.14.107.181:8085/' successfully

2018-05-10 22:24:14 - [MESSAGE][PASSED] - Navigate to 'http://52.14.107.181:8085/' successfully

2018-05-10 22:24:14 - [TEST_STEP][PASSED] - setText: Text 'user' is set on object 'Object Repository/ShowProductTest/Page_ProjectBackend/input_username'

2018-05-10 22:24:14 - [MESSAGE][PASSED] - Text 'user' is set on object 'Object Repository/ShowProductTest/Page_ProjectBackend/input_username'

2018-05-10 22:24:14 - [TEST_STEP][PASSED] - setText: Text 'user' is set on object 'Object Repository/ShowProductTest/Page_ProjectBackend/input_password'

2018-05-10 22:24:14 - [MESSAGE][PASSED] - Text 'user' is set on object 'Object Repository/ShowProductTest/Page_ProjectBackend/input_password'

2018-05-10 22:24:14 - [TEST_STEP][PASSED] - click: Object: 'Object Repository/ShowProductTest/Page_ProjectBackend/button_Login' is clicked on

2018-05-10 22:24:14 - [MESSAGE][PASSED] - Object: 'Object Repository/ShowProductTest/Page_ProjectBackend/button_Login' is clicked on

2018-05-10 22:24:14 - [TEST_STEP][PASSED] - click: Object: 'Object Repository/ShowProductTest/Page_ProjectBackend/a_Products' is clicked on

2018-05-10 22:24:16 - [MESSAGE][PASSED] - Object: 'Object Repository/ShowProductTest/Page_ProjectBackend/a_Products' is clicked on

2018-05-10 22:24:16 - [TEST_STEP][PASSED] - click: Object: 'Object Repository/ShowProductTest/Page_ProjectBackend/h5_Garden' is clicked on

2018-05-10 22:24:16 - [MESSAGE][PASSED] - Object: 'Object Repository/ShowProductTest/Page_ProjectBackend/h5_Garden' is clicked on

2018-05-10 22:24:16 - [TEST_STEP][PASSED] - click: Object: 'Object Repository/ShowProductTest/Page_ProjectBackend/h5_Banana' is clicked on

2018-05-10 22:24:16 - [MESSAGE][PASSED] - Object: 'Object Repository/ShowProductTest/Page_ProjectBackend/h5_Banana' is clicked on

2018-05-10 22:24:16 - [TEST_STEP][PASSED] - click: Object: 'Object Repository/ShowProductTest/Page_ProjectBackend/h5_Orange' is clicked on

2018-05-10 22:24:16 - [MESSAGE][PASSED] - Object: 'Object Repository/ShowProductTest/Page_ProjectBackend/h5_Orange' is clicked on

2018-05-10 22:24:16 - [TEST_STEP][PASSED] - click: Object: 'Object Repository/ShowProductTest/Page_ProjectBackend/h5_Papaya' is clicked on

2018-05-10 22:24:16 - [MESSAGE][PASSED] - Object: 'Object Repository/ShowProductTest/Page_ProjectBackend/h5_Papaya' is clicked on

2018-05-10 22:24:16 - [TEST_STEP][PASSED] - click: Object: 'Object Repository/ShowProductTest/Page_ProjectBackend/h5_Rambutan' is clicked on

2018-05-10 22:24:17 - [MESSAGE][PASSED] - Object: 'Object Repository/ShowProductTest/Page_ProjectBackend/h5_Rambutan' is clicked on

2018-05-10 22:24:17 - [TEST_STEP][PASSED] - closeBrowser: Browser is closed

2018-05-10 22:24:17 - [MESSAGE][PASSED] - Browser is closed]]></system-out>
         <system-err><![CDATA[]]></system-err>
      </testcase>
      <system-out><![CDATA[2018-05-10 22:23:59 - [TEST_SUITE][PASSED] - ShowProductTestSuite: Test Cases/ShowProductTest]]></system-out>
      <system-err><![CDATA[]]></system-err>
   </testsuite>
</testsuites>
