<?xml version="1.0" encoding="UTF-8"?>
<testsuites name="AdminLoginTestSuite" time="15" tests="1" failures="0" errors="0">
   <testsuite name="AdminLoginTestSuite" tests="1" failures="0" errors="0" time="15" timestamp="2018-05-10 17:32:07" hostname="Sunjido - 10.80.155.47" id="Test Suites/AdminLoginTestSuite">
      <properties>
         <property name="deviceName" value=""/>
         <property name="devicePlatform" value=""/>
         <property name="logFolder" value="C:\\Users\\Sun na Hee\\git\\234project_test\\Reports\\AdminLoginTestSuite\\20180510_173206"/>
         <property name="logFiles" value="C:\\Users\\Sun na Hee\\git\\234project_test\\Reports\\AdminLoginTestSuite\\20180510_173206\\execution0.log"/>
         <property name="attachments" value=""/>
         <property name="hostName" value="Sunjido - 10.80.155.47"/>
         <property name="os" value="Windows 10 64bit"/>
         <property name="katalonVersion" value="5.4.1.1"/>
         <property name="browser" value="Firefox 60.0"/>
         <property name="hostAddress" value="10.80.155.47"/>
         <property name="sessionId" value="14a75d99-1f50-4456-92b1-d5b64d307d9f"/>
         <property name="seleniumVersion" value="3.7.1"/>
         <property name="proxyInformation" value="ProxyInformation{proxyOption=NO_PROXY, proxyServerType=HTTP, password=, proxyServerAddress=, proxyServerPort=0}"/>
         <property name="platform" value="Windows 10"/>
      </properties>
      <testcase name="Test Cases/AdminLoginTest" classname="Test Cases/AdminLoginTest" status="PASSED">
         <system-out><![CDATA[2018-05-10 17:32:08 - [TEST_CASE][PASSED] - Test Cases/AdminLoginTest: Test Cases/AdminLoginTest

2018-05-10 17:32:08 - [TEST_STEP][PASSED] - openBrowser: Browser is opened with url: ''

2018-05-10 17:32:12 - [MESSAGE][PASSED] - Browser is opened with url: ''

2018-05-10 17:32:12 - [TEST_STEP][PASSED] - navigateToUrl: Navigate to 'http://52.14.107.181:8085/' successfully

2018-05-10 17:32:20 - [MESSAGE][PASSED] - Navigate to 'http://52.14.107.181:8085/' successfully

2018-05-10 17:32:20 - [TEST_STEP][PASSED] - setText: Text 'admin' is set on object 'Object Repository/AdminLoginTest/Page_ProjectBackend/input_username'

2018-05-10 17:32:20 - [MESSAGE][PASSED] - Text 'admin' is set on object 'Object Repository/AdminLoginTest/Page_ProjectBackend/input_username'

2018-05-10 17:32:20 - [TEST_STEP][PASSED] - setText: Text 'admin' is set on object 'Object Repository/AdminLoginTest/Page_ProjectBackend/input_password'

2018-05-10 17:32:21 - [MESSAGE][PASSED] - Text 'admin' is set on object 'Object Repository/AdminLoginTest/Page_ProjectBackend/input_password'

2018-05-10 17:32:21 - [TEST_STEP][PASSED] - click: Object: 'Object Repository/AdminLoginTest/Page_ProjectBackend/button_Login' is clicked on

2018-05-10 17:32:21 - [MESSAGE][PASSED] - Object: 'Object Repository/AdminLoginTest/Page_ProjectBackend/button_Login' is clicked on

2018-05-10 17:32:21 - [TEST_STEP][PASSED] - click: Object: 'Object Repository/AdminLoginTest/Page_ProjectBackend/a_Products' is clicked on

2018-05-10 17:32:23 - [MESSAGE][PASSED] - Object: 'Object Repository/AdminLoginTest/Page_ProjectBackend/a_Products' is clicked on

2018-05-10 17:32:23 - [TEST_STEP][PASSED] - closeBrowser: Browser is closed

2018-05-10 17:32:23 - [MESSAGE][PASSED] - Browser is closed]]></system-out>
         <system-err><![CDATA[]]></system-err>
      </testcase>
      <system-out><![CDATA[2018-05-10 17:32:07 - [TEST_SUITE][PASSED] - AdminLoginTestSuite: Test Cases/AdminLoginTest]]></system-out>
      <system-err><![CDATA[]]></system-err>
   </testsuite>
</testsuites>
