<?xml version="1.0" encoding="UTF-8"?>
<testsuites name="UserLoginTestSuite" time="11" tests="1" failures="0" errors="0">
   <testsuite name="UserLoginTestSuite" tests="1" failures="0" errors="0" time="11" timestamp="2018-05-10 17:59:14" hostname="Sunjido - 10.80.155.47" id="Test Suites/UserLoginTestSuite">
      <properties>
         <property name="deviceName" value=""/>
         <property name="devicePlatform" value=""/>
         <property name="logFolder" value="C:\\Users\\Sun na Hee\\git\\234project_test\\Reports\\UserLoginTestSuite\\20180510_175912"/>
         <property name="logFiles" value="C:\\Users\\Sun na Hee\\git\\234project_test\\Reports\\UserLoginTestSuite\\20180510_175912\\execution0.log"/>
         <property name="attachments" value=""/>
         <property name="hostName" value="Sunjido - 10.80.155.47"/>
         <property name="os" value="Windows 10 64bit"/>
         <property name="katalonVersion" value="5.4.1.1"/>
         <property name="browser" value="Firefox 60.0"/>
         <property name="hostAddress" value="10.80.155.47"/>
         <property name="sessionId" value="aaf9e6a0-ecc9-4498-b296-9eee7b8acfc7"/>
         <property name="seleniumVersion" value="3.7.1"/>
         <property name="proxyInformation" value="ProxyInformation{proxyOption=NO_PROXY, proxyServerType=HTTP, password=, proxyServerAddress=, proxyServerPort=0}"/>
         <property name="platform" value="Windows 10"/>
      </properties>
      <testcase name="Test Cases/UserLoginTest" classname="Test Cases/UserLoginTest" status="PASSED">
         <system-out><![CDATA[2018-05-10 17:59:14 - [TEST_CASE][PASSED] - Test Cases/UserLoginTest: Test Cases/UserLoginTest

2018-05-10 17:59:14 - [TEST_STEP][PASSED] - openBrowser: Browser is opened with url: ''

2018-05-10 17:59:18 - [MESSAGE][PASSED] - Browser is opened with url: ''

2018-05-10 17:59:18 - [TEST_STEP][PASSED] - navigateToUrl: Navigate to 'http://52.14.107.181:8085/' successfully

2018-05-10 17:59:23 - [MESSAGE][PASSED] - Navigate to 'http://52.14.107.181:8085/' successfully

2018-05-10 17:59:23 - [TEST_STEP][PASSED] - setText: Text 'user' is set on object 'Object Repository/UserLoginTest/Page_ProjectBackend/input_username'

2018-05-10 17:59:24 - [MESSAGE][PASSED] - Text 'user' is set on object 'Object Repository/UserLoginTest/Page_ProjectBackend/input_username'

2018-05-10 17:59:24 - [TEST_STEP][PASSED] - setText: Text 'user' is set on object 'Object Repository/UserLoginTest/Page_ProjectBackend/input_password'

2018-05-10 17:59:24 - [MESSAGE][PASSED] - Text 'user' is set on object 'Object Repository/UserLoginTest/Page_ProjectBackend/input_password'

2018-05-10 17:59:24 - [TEST_STEP][PASSED] - click: Object: 'Object Repository/UserLoginTest/Page_ProjectBackend/button_Login' is clicked on

2018-05-10 17:59:24 - [MESSAGE][PASSED] - Object: 'Object Repository/UserLoginTest/Page_ProjectBackend/button_Login' is clicked on

2018-05-10 17:59:24 - [TEST_STEP][PASSED] - click: Object: 'Object Repository/UserLoginTest/Page_ProjectBackend/a_Carts' is clicked on

2018-05-10 17:59:25 - [MESSAGE][PASSED] - Object: 'Object Repository/UserLoginTest/Page_ProjectBackend/a_Carts' is clicked on

2018-05-10 17:59:25 - [TEST_STEP][PASSED] - closeBrowser: Browser is closed

2018-05-10 17:59:25 - [MESSAGE][PASSED] - Browser is closed]]></system-out>
         <system-err><![CDATA[]]></system-err>
      </testcase>
      <system-out><![CDATA[2018-05-10 17:59:14 - [TEST_SUITE][PASSED] - UserLoginTestSuite: Test Cases/UserLoginTest]]></system-out>
      <system-err><![CDATA[]]></system-err>
   </testsuite>
</testsuites>
